Removed Pin From Net: NetName=SECONDPORTC Bit 0 Pin=J1-18
Removed Pin From Net: NetName=FIRSTPORTC Bit 0 Pin=J1-19
Removed Pin From Net: NetName=SECONDPORTC Bit 1 Pin=J1-20
Removed Pin From Net: NetName=FIRSTPORTC Bit 1 Pin=J1-21
Removed Pin From Net: NetName=SECONDPORTC Bit 2 Pin=J1-22
Removed Pin From Net: NetName=FIRSTPORTC Bit 2 Pin=J1-23
Removed Pin From Net: NetName=SECONDPORTC Bit 3 Pin=J1-24
Removed Pin From Net: NetName=FIRSTPORTC Bit 3 Pin=J1-25
Removed Pin From Net: NetName=SECONDPORTC Bit 4 Pin=J1-26
Removed Pin From Net: NetName=FIRSTPORTC Bit 4 Pin=J1-27
Removed Pin From Net: NetName=SECONDPORTC Bit 5 Pin=J1-28
Removed Pin From Net: NetName=FIRSTPORTC Bit 5 Pin=J1-29
Removed Pin From Net: NetName=SECONDPORTC Bit 6 Pin=J1-30
Removed Pin From Net: NetName=FIRSTPORTC Bit 6 Pin=J1-31
Removed Pin From Net: NetName=SECONDPORTC Bit 7 Pin=J1-32
Removed Pin From Net: NetName=FIRSTPORTC Bit 7 Pin=J1-33
Removed Pin From Net: NetName=SECONDPORTB Bit 0 Pin=J1-34
Removed Pin From Net: NetName=FIRSTPORTB Bit 0 Pin=J1-35
Removed Pin From Net: NetName=SECONDPORTB Bit 1 Pin=J1-36
Removed Pin From Net: NetName=FIRSTPORTB Bit 1 Pin=J1-37
Removed Pin From Net: NetName=SECONDPORTB Bit 2 Pin=J1-38
Removed Pin From Net: NetName=FIRSTPORTB Bit 2 Pin=J1-39
Removed Pin From Net: NetName=SECONDPORTB Bit 3 Pin=J1-40
Removed Pin From Net: NetName=FIRSTPORTB Bit 3 Pin=J1-41
Removed Pin From Net: NetName=SECONDPORTB Bit 4 Pin=J1-42
Removed Pin From Net: NetName=FIRSTPORTB Bit 4 Pin=J1-43
Removed Pin From Net: NetName=SECONDPORTB Bit 5 Pin=J1-44
Removed Pin From Net: NetName=FIRSTPORTB Bit 5 Pin=J1-45
Removed Pin From Net: NetName=SECONDPORTB Bit 6 Pin=J1-46
Removed Pin From Net: NetName=FIRSTPORTB Bit 6 Pin=J1-47
Removed Pin From Net: NetName=SECONDPORTB Bit 7 Pin=J1-48
Removed Pin From Net: NetName=FIRSTPORTB Bit 7 Pin=J1-49
Removed Pin From Net: NetName=SECONDPORTA Bit 0 Pin=J1-50
Removed Pin From Net: NetName=FIRSTPORTA Bit 0 Pin=J1-51
Removed Pin From Net: NetName=SECONDPORTA Bit 1 Pin=J1-52
Removed Pin From Net: NetName=FIRSTPORTA Bit 1 Pin=J1-53
Removed Pin From Net: NetName=SECONDPORTA Bit 2 Pin=J1-54
Removed Pin From Net: NetName=FIRSTPORTA Bit 2 Pin=J1-55
Removed Pin From Net: NetName=SECONDPORTA Bit 3 Pin=J1-56
Removed Pin From Net: NetName=FIRSTPORTA Bit 3 Pin=J1-57
Removed Pin From Net: NetName=SECONDPORTA Bit 4 Pin=J1-58
Removed Pin From Net: NetName=FIRSTPORTA Bit 4 Pin=J1-59
Removed Pin From Net: NetName=SECONDPORTA Bit 5 Pin=J1-60
Removed Pin From Net: NetName=FIRSTPORTA Bit 5 Pin=J1-61
Removed Pin From Net: NetName=SECONDPORTA Bit 6 Pin=J1-62
Removed Pin From Net: NetName=FIRSTPORTA Bit 6 Pin=J1-63
Removed Pin From Net: NetName=SECONDPORTA Bit 7 Pin=J1-64
Removed Pin From Net: NetName=FIRSTPORTA Bit 7 Pin=J1-65
Added Pin To Net: NetName=SECONDPORTA Bit 7 Pin=J1-18
Added Pin To Net: NetName=SECONDPORTA Bit 6 Pin=J1-19
Added Pin To Net: NetName=SECONDPORTA Bit 5 Pin=J1-20
Added Pin To Net: NetName=SECONDPORTA Bit 4 Pin=J1-21
Added Pin To Net: NetName=SECONDPORTA Bit 3 Pin=J1-22
Added Pin To Net: NetName=SECONDPORTA Bit 2 Pin=J1-23
Added Pin To Net: NetName=SECONDPORTA Bit 1 Pin=J1-24
Added Pin To Net: NetName=SECONDPORTA Bit 0 Pin=J1-25
Added Pin To Net: NetName=SECONDPORTB Bit 7 Pin=J1-26
Added Pin To Net: NetName=SECONDPORTB Bit 6 Pin=J1-27
Added Pin To Net: NetName=SECONDPORTB Bit 5 Pin=J1-28
Added Pin To Net: NetName=SECONDPORTB Bit 4 Pin=J1-29
Added Pin To Net: NetName=SECONDPORTB Bit 3 Pin=J1-30
Added Pin To Net: NetName=SECONDPORTB Bit 2 Pin=J1-31
Added Pin To Net: NetName=SECONDPORTB Bit 1 Pin=J1-32
Added Pin To Net: NetName=SECONDPORTB Bit 0 Pin=J1-33
Added Pin To Net: NetName=SECONDPORTC Bit 7 Pin=J1-34
Added Pin To Net: NetName=SECONDPORTC Bit 6 Pin=J1-35
Added Pin To Net: NetName=SECONDPORTC Bit 5 Pin=J1-36
Added Pin To Net: NetName=SECONDPORTC Bit 4 Pin=J1-37
Added Pin To Net: NetName=SECONDPORTC Bit 3 Pin=J1-38
Added Pin To Net: NetName=SECONDPORTC Bit 2 Pin=J1-39
Added Pin To Net: NetName=SECONDPORTC Bit 1 Pin=J1-40
Added Pin To Net: NetName=SECONDPORTC Bit 0 Pin=J1-41
Added Pin To Net: NetName=FIRSTPORTA Bit 7 Pin=J1-42
Added Pin To Net: NetName=FIRSTPORTA Bit 6 Pin=J1-43
Added Pin To Net: NetName=FIRSTPORTA Bit 5 Pin=J1-44
Added Pin To Net: NetName=FIRSTPORTA Bit 4 Pin=J1-45
Added Pin To Net: NetName=FIRSTPORTA Bit 3 Pin=J1-46
Added Pin To Net: NetName=FIRSTPORTA Bit 2 Pin=J1-47
Added Pin To Net: NetName=FIRSTPORTA Bit 1 Pin=J1-48
Added Pin To Net: NetName=FIRSTPORTA Bit 0 Pin=J1-49
Added Pin To Net: NetName=FIRSTPORTB Bit 7 Pin=J1-50
Added Pin To Net: NetName=FIRSTPORTB Bit 6 Pin=J1-51
Added Pin To Net: NetName=FIRSTPORTB Bit 5 Pin=J1-52
Added Pin To Net: NetName=FIRSTPORTB Bit 4 Pin=J1-53
Added Pin To Net: NetName=FIRSTPORTB Bit 3 Pin=J1-54
Added Pin To Net: NetName=FIRSTPORTB Bit 2 Pin=J1-55
Added Pin To Net: NetName=FIRSTPORTB Bit 1 Pin=J1-56
Added Pin To Net: NetName=FIRSTPORTB Bit 0 Pin=J1-57
Added Pin To Net: NetName=FIRSTPORTC Bit 7 Pin=J1-58
Added Pin To Net: NetName=FIRSTPORTC Bit 6 Pin=J1-59
Added Pin To Net: NetName=FIRSTPORTC Bit 5 Pin=J1-60
Added Pin To Net: NetName=FIRSTPORTC Bit 4 Pin=J1-61
Added Pin To Net: NetName=FIRSTPORTC Bit 3 Pin=J1-62
Added Pin To Net: NetName=FIRSTPORTC Bit 2 Pin=J1-63
Added Pin To Net: NetName=FIRSTPORTC Bit 1 Pin=J1-64
Added Pin To Net: NetName=FIRSTPORTC Bit 0 Pin=J1-65
